host: phoenix-15.prism
Building DAG of jobs...
Using shell: /usr/bin/bash
Provided remote nodes: 1
Provided resources: mem_mb=6000, mem_mib=5723, time=180
Select jobs to execute...
Execute 1 jobs...

[Wed Mar  5 11:17:32 2025]
rule run_isescan:
    input: data/genomes/merrill-23.fasta
    output: results/repeat_analysis/isescan/output/merrill-23.fasta.features
    jobid: 0
    reason: Forced execution
    threads: 8
    resources: mem_mb=6000, mem_mib=5723, disk_mb=1000, disk_mib=954, tmpdir=<TBD>, time=180

host: phoenix-15.prism
Building DAG of jobs...
Using shell: /usr/bin/bash
Provided cores: 8
Rules claiming more threads will be scaled down.
Provided resources: mem_mb=6000, mem_mib=5723, disk_mb=1000, disk_mib=954, time=180
Select jobs to execute...
Execute 1 jobs...

[Wed Mar  5 11:17:34 2025]
localrule run_isescan:
    input: data/genomes/merrill-23.fasta
    output: results/repeat_analysis/isescan/output/merrill-23.fasta.features
    jobid: 0
    reason: Forced execution
    threads: 8
    resources: mem_mb=6000, mem_mib=5723, disk_mb=1000, disk_mib=954, tmpdir=/data/tmp, time=180

Activating conda environment: isescan
usage: isescan [-h] [--version] [--removeShortIS] [--no-FragGeneScan]
               --seqfile SEQFILE --output OUTPUT [--nthread NTHREAD]
isescan: error: unrecognized arguments: --proteome results/repeat_analysis/isescan/proteome --hmm results/repeat_analysis/isescan/hmm --cpu 8 --evalue 1e-5 --diamondopt  -c1 -b6 --min-score 30
[Wed Mar  5 11:17:37 2025]
Error in rule run_isescan:
    jobid: 0
    input: data/genomes/merrill-23.fasta
    output: results/repeat_analysis/isescan/output/merrill-23.fasta.features
    conda-env: isescan
    shell:
        
        mkdir -p results/repeat_analysis/isescan/proteome
        mkdir -p results/repeat_analysis/isescan/hmm
        mkdir -p results/repeat_analysis/isescan/output
        
        # Run ISEScan with optimized parameters for bacterial genomes
        # ISEScan is already designed for bacteria, but we'll ensure optimal settings
        isescan.py --seqfile data/genomes/merrill-23.fasta             --output results/repeat_analysis/isescan/output             --proteome results/repeat_analysis/isescan/proteome             --hmm results/repeat_analysis/isescan/hmm             --cpu 8             --nthread 8             --evalue 1e-5             --diamondopt " -c1 -b6 --min-score 30"
        
        (one of the commands exited with non-zero exit code; note that snakemake uses bash strict mode!)

Shutting down, this might take some time.
Exiting because a job execution failed. Look above for error message
Storing output in storage.
WorkflowError:
At least one job did not complete successfully.
srun: error: phoenix-15: task 0: Exited with exit code 1
[Wed Mar  5 11:17:37 2025]
Error in rule run_isescan:
    jobid: 0
    input: data/genomes/merrill-23.fasta
    output: results/repeat_analysis/isescan/output/merrill-23.fasta.features
    conda-env: isescan
    shell:
        
        mkdir -p results/repeat_analysis/isescan/proteome
        mkdir -p results/repeat_analysis/isescan/hmm
        mkdir -p results/repeat_analysis/isescan/output
        
        # Run ISEScan with optimized parameters for bacterial genomes
        # ISEScan is already designed for bacteria, but we'll ensure optimal settings
        isescan.py --seqfile data/genomes/merrill-23.fasta             --output results/repeat_analysis/isescan/output             --proteome results/repeat_analysis/isescan/proteome             --hmm results/repeat_analysis/isescan/hmm             --cpu 8             --nthread 8             --evalue 1e-5             --diamondopt " -c1 -b6 --min-score 30"
        
        (one of the commands exited with non-zero exit code; note that snakemake uses bash strict mode!)

Shutting down, this might take some time.
Exiting because a job execution failed. Look above for error message
Storing output in storage.
WorkflowError:
At least one job did not complete successfully.
