host: phoenix-09.prism
Building DAG of jobs...
Using shell: /usr/bin/bash
Provided remote nodes: 1
Select jobs to execute...
Execute 1 jobs...

[Wed Mar  5 12:08:06 2025]
rule generate_summary_report:
    input: results/repeat_analysis/repeatmasker/merrill-23.fasta.out, results/repeat_analysis/isescan/output/genomes/merrill-23.fasta.tsv, results/repeat_analysis/isescan/output/genomes/merrill-23.fasta.gff, results/repeat_analysis/red/merrill-23.msk, results/repeat_analysis/interspersed_repeats/repeats.gff
    output: results/repeat_analysis/repeat_summary_report.html
    jobid: 0
    reason: Forced execution
    resources: mem_mb=1000, mem_mib=954, disk_mb=1000, disk_mib=954, tmpdir=<TBD>

host: phoenix-09.prism
Building DAG of jobs...
Using shell: /usr/bin/bash
Provided cores: 2
Rules claiming more threads will be scaled down.
Provided resources: mem_mb=1000, mem_mib=954, disk_mb=1000, disk_mib=954
Select jobs to execute...
Execute 1 jobs...

[Wed Mar  5 12:08:07 2025]
localrule generate_summary_report:
    input: results/repeat_analysis/repeatmasker/merrill-23.fasta.out, results/repeat_analysis/isescan/output/genomes/merrill-23.fasta.tsv, results/repeat_analysis/isescan/output/genomes/merrill-23.fasta.gff, results/repeat_analysis/red/merrill-23.msk, results/repeat_analysis/interspersed_repeats/repeats.gff
    output: results/repeat_analysis/repeat_summary_report.html
    jobid: 0
    reason: Forced execution
    resources: mem_mb=1000, mem_mib=954, disk_mb=1000, disk_mib=954, tmpdir=/data/tmp

Activating conda environment: report
Traceback (most recent call last):
  File "/private/groups/russelllab/jodie/merrill_23_wRi_genome/de_novo_wRi_merrill_23_assembly/scripts/bacterial-repeat-analysis/scripts/generate_report.py", line 451, in <module>
    main()
  File "/private/groups/russelllab/jodie/merrill_23_wRi_genome/de_novo_wRi_merrill_23_assembly/scripts/bacterial-repeat-analysis/scripts/generate_report.py", line 416, in main
    is_elements_tsv = parse_isescan_tsv(args.isescan_tsv)
  File "/private/groups/russelllab/jodie/merrill_23_wRi_genome/de_novo_wRi_merrill_23_assembly/scripts/bacterial-repeat-analysis/scripts/generate_report.py", line 105, in parse_isescan_tsv
    'start': int(fields[2]),
ValueError: invalid literal for int() with base 10: 'cluster'
[Wed Mar  5 12:08:11 2025]
Error in rule generate_summary_report:
    jobid: 0
    input: results/repeat_analysis/repeatmasker/merrill-23.fasta.out, results/repeat_analysis/isescan/output/genomes/merrill-23.fasta.tsv, results/repeat_analysis/isescan/output/genomes/merrill-23.fasta.gff, results/repeat_analysis/red/merrill-23.msk, results/repeat_analysis/interspersed_repeats/repeats.gff
    output: results/repeat_analysis/repeat_summary_report.html
    conda-env: report
    shell:
        
        python scripts/generate_report.py             --assembly data/genomes/merrill-23.fasta             --repeatmasker results/repeat_analysis/repeatmasker/merrill-23.fasta.out             --isescan_tsv results/repeat_analysis/isescan/output/genomes/merrill-23.fasta.tsv             --isescan_gff results/repeat_analysis/isescan/output/genomes/merrill-23.fasta.gff             --red results/repeat_analysis/red/merrill-23.msk             --interspersed results/repeat_analysis/interspersed_repeats/repeats.gff             --output results/repeat_analysis/repeat_summary_report.html
        
        (one of the commands exited with non-zero exit code; note that snakemake uses bash strict mode!)

Shutting down, this might take some time.
Exiting because a job execution failed. Look above for error message
Storing output in storage.
WorkflowError:
At least one job did not complete successfully.
srun: error: phoenix-09: task 0: Exited with exit code 1
[Wed Mar  5 12:08:11 2025]
Error in rule generate_summary_report:
    jobid: 0
    input: results/repeat_analysis/repeatmasker/merrill-23.fasta.out, results/repeat_analysis/isescan/output/genomes/merrill-23.fasta.tsv, results/repeat_analysis/isescan/output/genomes/merrill-23.fasta.gff, results/repeat_analysis/red/merrill-23.msk, results/repeat_analysis/interspersed_repeats/repeats.gff
    output: results/repeat_analysis/repeat_summary_report.html
    conda-env: report
    shell:
        
        python scripts/generate_report.py             --assembly data/genomes/merrill-23.fasta             --repeatmasker results/repeat_analysis/repeatmasker/merrill-23.fasta.out             --isescan_tsv results/repeat_analysis/isescan/output/genomes/merrill-23.fasta.tsv             --isescan_gff results/repeat_analysis/isescan/output/genomes/merrill-23.fasta.gff             --red results/repeat_analysis/red/merrill-23.msk             --interspersed results/repeat_analysis/interspersed_repeats/repeats.gff             --output results/repeat_analysis/repeat_summary_report.html
        
        (one of the commands exited with non-zero exit code; note that snakemake uses bash strict mode!)

Shutting down, this might take some time.
Exiting because a job execution failed. Look above for error message
Storing output in storage.
WorkflowError:
At least one job did not complete successfully.
